[debug] [2023-09-02T09:50:04.725Z] ----------------------------------------------------------------------
[debug] [2023-09-02T09:50:04.727Z] Command:       /usr/bin/node /usr/bin/firebase emulators:start
[debug] [2023-09-02T09:50:04.728Z] CLI Version:   12.5.2
[debug] [2023-09-02T09:50:04.728Z] Platform:      linux
[debug] [2023-09-02T09:50:04.728Z] Node Version:  v20.2.0
[debug] [2023-09-02T09:50:04.728Z] Time:          Sat Sep 02 2023 02:50:04 GMT-0700 (Pacific Daylight Time)
[debug] [2023-09-02T09:50:04.728Z] ----------------------------------------------------------------------
[debug] 
[debug] [2023-09-02T09:50:04.833Z] > command requires scopes: ["email","openid","https://www.googleapis.com/auth/cloudplatformprojects.readonly","https://www.googleapis.com/auth/firebase","https://www.googleapis.com/auth/cloud-platform"]
[debug] [2023-09-02T09:50:04.834Z] > authorizing via signed-in user (josehirshman@jhengineerartist.com)
[debug] [2023-09-02T09:50:04.941Z] openjdk version "11.0.20.1" 2023-08-24
[debug] [2023-09-02T09:50:04.941Z] 

[debug] [2023-09-02T09:50:04.942Z] OpenJDK Runtime Environment (build 11.0.20.1+1-post-Ubuntu-0ubuntu122.04)
OpenJDK 64-Bit Server VM (build 11.0.20.1+1-post-Ubuntu-0ubuntu122.04, mixed mode, sharing)

[debug] [2023-09-02T09:50:04.946Z] Parsed Java major version: 11
[info] i  emulators: Starting emulators: auth, firestore, database, storage {"metadata":{"emulator":{"name":"hub"},"message":"Starting emulators: auth, firestore, database, storage"}}
[debug] [2023-09-02T09:50:04.951Z] assigned listening specs for emulators {"user":{"hub":[{"address":"127.0.0.1","family":"IPv4","port":4400}],"ui":[{"address":"127.0.0.1","family":"IPv4","port":4000}],"logging":[{"address":"127.0.0.1","family":"IPv4","port":4500}],"auth":[{"address":"127.0.0.1","family":"IPv4","port":9099}],"firestore":[{"address":"127.0.0.1","family":"IPv4","port":8080}],"firestore.websocket":[{"address":"127.0.0.1","family":"IPv4","port":9150}],"database":[{"address":"127.0.0.1","family":"IPv4","port":9000}],"storage":[{"address":"127.0.0.1","family":"IPv4","port":9199}]},"metadata":{"message":"assigned listening specs for emulators"}}
[warn] ⚠  emulators: It seems that you are running multiple instances of the emulator suite for project artwebsite-21a76. This may result in unexpected behavior. 
[debug] [2023-09-02T09:50:04.960Z] [hub] writing locator at /tmp/hub-artwebsite-21a76.json
[debug] [2023-09-02T09:50:04.972Z] Ignoring unsupported arg: auto_download {"metadata":{"emulator":{"name":"firestore"},"message":"Ignoring unsupported arg: auto_download"}}
[debug] [2023-09-02T09:50:04.972Z] Ignoring unsupported arg: single_project_mode_error {"metadata":{"emulator":{"name":"firestore"},"message":"Ignoring unsupported arg: single_project_mode_error"}}
[debug] [2023-09-02T09:50:04.973Z] Starting Firestore Emulator with command {"binary":"java","args":["-Djava.net.preferIPv4Stack=true","-Dgoogle.cloud_firestore.debug_log_level=FINE","-Duser.language=en","-jar","/home/jhirshdev/.cache/firebase/emulators/cloud-firestore-emulator-v1.18.1.jar","--host","127.0.0.1","--port",8080,"--websocket_port",9150,"--project_id","artwebsite-21a76","--rules","/home/jhirshdev/software/projects/art-website/firebase/rules/firestore.rules","--single_project_mode",true],"optionalArgs":["port","webchannel_port","host","rules","websocket_port","functions_emulator","seed_from_export","project_id","single_project_mode"],"joinArgs":false} {"metadata":{"emulator":{"name":"firestore"},"message":"Starting Firestore Emulator with command {\"binary\":\"java\",\"args\":[\"-Djava.net.preferIPv4Stack=true\",\"-Dgoogle.cloud_firestore.debug_log_level=FINE\",\"-Duser.language=en\",\"-jar\",\"/home/jhirshdev/.cache/firebase/emulators/cloud-firestore-emulator-v1.18.1.jar\",\"--host\",\"127.0.0.1\",\"--port\",8080,\"--websocket_port\",9150,\"--project_id\",\"artwebsite-21a76\",\"--rules\",\"/home/jhirshdev/software/projects/art-website/firebase/rules/firestore.rules\",\"--single_project_mode\",true],\"optionalArgs\":[\"port\",\"webchannel_port\",\"host\",\"rules\",\"websocket_port\",\"functions_emulator\",\"seed_from_export\",\"project_id\",\"single_project_mode\"],\"joinArgs\":false}"}}
[info] i  firestore: Firestore Emulator logging to firestore-debug.log {"metadata":{"emulator":{"name":"firestore"},"message":"Firestore Emulator logging to \u001b[1mfirestore-debug.log\u001b[22m"}}
[debug] [2023-09-02T09:50:06.188Z] Sep 02, 2023 2:50:06 AM com.google.cloud.datastore.emulator.firestore.websocket.WebSocketServer start
INFO: Started WebSocket server on ws://127.0.0.1:9150
 {"metadata":{"emulator":{"name":"firestore"},"message":"Sep 02, 2023 2:50:06 AM com.google.cloud.datastore.emulator.firestore.websocket.WebSocketServer start\nINFO: Started WebSocket server on ws://127.0.0.1:9150\n"}}
[debug] [2023-09-02T09:50:06.248Z] API endpoint: http:// {"metadata":{"emulator":{"name":"firestore"},"message":"API endpoint: http://"}}
[debug] [2023-09-02T09:50:06.249Z] 127.0.0.1:8080
If you are using a library that supports the FIRESTORE_EMULATOR_HOST environment variable, run:

   export FIRESTORE_EMULATOR_HOST=127.0.0.1:8080

Dev App Server is now running.

 {"metadata":{"emulator":{"name":"firestore"},"message":"127.0.0.1:8080\nIf you are using a library that supports the FIRESTORE_EMULATOR_HOST environment variable, run:\n\n   export FIRESTORE_EMULATOR_HOST=127.0.0.1:8080\n\nDev App Server is now running.\n\n"}}
[info] ✔  firestore: Firestore Emulator UI websocket is running on 9150. {"metadata":{"emulator":{"name":"firestore"},"message":"Firestore Emulator UI websocket is running on 9150."}}
[debug] [2023-09-02T09:50:06.492Z] > refreshing access token with scopes: []
[debug] [2023-09-02T09:50:06.494Z] >>> [apiv2][query] POST https://www.googleapis.com/oauth2/v3/token [none]
[debug] [2023-09-02T09:50:06.494Z] >>> [apiv2][body] POST https://www.googleapis.com/oauth2/v3/token [omitted]
[debug] [2023-09-02T09:50:06.662Z] <<< [apiv2][status] POST https://www.googleapis.com/oauth2/v3/token 200
[debug] [2023-09-02T09:50:06.662Z] <<< [apiv2][body] POST https://www.googleapis.com/oauth2/v3/token [omitted]
[debug] [2023-09-02T09:50:06.672Z] >>> [apiv2][query] GET https://firebase.googleapis.com/v1beta1/projects/artwebsite-21a76 [none]
[debug] [2023-09-02T09:50:06.882Z] <<< [apiv2][status] GET https://firebase.googleapis.com/v1beta1/projects/artwebsite-21a76 200
[debug] [2023-09-02T09:50:06.882Z] <<< [apiv2][body] GET https://firebase.googleapis.com/v1beta1/projects/artwebsite-21a76 {"projectId":"artwebsite-21a76","projectNumber":"533041497919","displayName":"artwebsite","name":"projects/artwebsite-21a76","resources":{"hostingSite":"artwebsite-21a76","realtimeDatabaseInstance":"artwebsite-21a76-default-rtdb","storageBucket":"artwebsite-21a76.appspot.com","locationId":"us-central"},"state":"ACTIVE","etag":"1_43befe1a-06a4-473f-8506-ed2baca32128"}
[debug] [2023-09-02T09:50:06.883Z] database rules config:  [{"instance":"artwebsite-21a76-default-rtdb","rules":"/home/jhirshdev/software/projects/art-website/firebase/rules/db.rules"}]
[debug] [2023-09-02T09:50:06.884Z] Ignoring unsupported arg: projectId {"metadata":{"emulator":{"name":"database"},"message":"Ignoring unsupported arg: projectId"}}
[debug] [2023-09-02T09:50:06.884Z] Ignoring unsupported arg: auto_download {"metadata":{"emulator":{"name":"database"},"message":"Ignoring unsupported arg: auto_download"}}
[debug] [2023-09-02T09:50:06.884Z] Ignoring unsupported arg: rules {"metadata":{"emulator":{"name":"database"},"message":"Ignoring unsupported arg: rules"}}
[debug] [2023-09-02T09:50:06.884Z] Starting Database Emulator with command {"binary":"java","args":["-Djava.net.preferIPv4Stack=true","-Duser.language=en","-jar","/home/jhirshdev/.cache/firebase/emulators/firebase-database-emulator-v4.11.2.jar","--host","127.0.0.1","--port",9000,"--single_project_mode","Warning"],"optionalArgs":["port","host","functions_emulator_port","functions_emulator_host","single_project_mode"],"joinArgs":false} {"metadata":{"emulator":{"name":"database"},"message":"Starting Database Emulator with command {\"binary\":\"java\",\"args\":[\"-Djava.net.preferIPv4Stack=true\",\"-Duser.language=en\",\"-jar\",\"/home/jhirshdev/.cache/firebase/emulators/firebase-database-emulator-v4.11.2.jar\",\"--host\",\"127.0.0.1\",\"--port\",9000,\"--single_project_mode\",\"Warning\"],\"optionalArgs\":[\"port\",\"host\",\"functions_emulator_port\",\"functions_emulator_host\",\"single_project_mode\"],\"joinArgs\":false}"}}
[info] i  database: Database Emulator logging to database-debug.log {"metadata":{"emulator":{"name":"database"},"message":"Database Emulator logging to \u001b[1mdatabase-debug.log\u001b[22m"}}
[debug] [2023-09-02T09:50:07.544Z] WARNING: An illegal reflective access operation has occurred
WARNING: Illegal reflective access by io.netty.util.internal.ReflectionUtil (file:/home/jhirshdev/.cache/firebase/emulators/firebase-database-emulator-v4.11.2.jar) to field sun.nio.ch.SelectorImpl.selectedKeys
WARNING: Please consider reporting this to the maintainers of io.netty.util.internal.ReflectionUtil
WARNING: Use --illegal-access=warn to enable warnings of further illegal reflective access operations
WARNING: All illegal access operations will be denied in a future release
 {"metadata":{"emulator":{"name":"database"},"message":"WARNING: An illegal reflective access operation has occurred\nWARNING: Illegal reflective access by io.netty.util.internal.ReflectionUtil (file:/home/jhirshdev/.cache/firebase/emulators/firebase-database-emulator-v4.11.2.jar) to field sun.nio.ch.SelectorImpl.selectedKeys\nWARNING: Please consider reporting this to the maintainers of io.netty.util.internal.ReflectionUtil\nWARNING: Use --illegal-access=warn to enable warnings of further illegal reflective access operations\nWARNING: All illegal access operations will be denied in a future release\n"}}
[debug] [2023-09-02T09:50:08.233Z] 02:50:08.232 [NamespaceSystem-akka.actor.default-dispatcher-4] INFO akka.event.slf4j.Slf4jLogger - Slf4jLogger started
 {"metadata":{"emulator":{"name":"database"},"message":"02:50:08.232 [NamespaceSystem-akka.actor.default-dispatcher-4] INFO akka.event.slf4j.Slf4jLogger - Slf4jLogger started\n"}}
[debug] [2023-09-02T09:50:08.430Z] 02:50:08.429 [main] INFO com.firebase.server.forge.App$ - Listening at 127.0.0.1:9000
 {"metadata":{"emulator":{"name":"database"},"message":"02:50:08.429 [main] INFO com.firebase.server.forge.App$ - Listening at 127.0.0.1:9000\n"}}
[debug] [2023-09-02T09:50:17.715Z] Ignoring unsupported arg: port {"metadata":{"emulator":{"name":"storage"},"message":"Ignoring unsupported arg: port"}}
[debug] [2023-09-02T09:50:18.770Z] Temp file directory for storage emulator: /tmp/firebase/storage/blobs {"metadata":{"emulator":{"name":"storage"},"message":"Temp file directory for storage emulator: /tmp/firebase/storage/blobs"}}
[debug] [2023-09-02T09:50:18.778Z] Ignoring unsupported arg: auto_download {"metadata":{"emulator":{"name":"ui"},"message":"Ignoring unsupported arg: auto_download"}}
[debug] [2023-09-02T09:50:18.778Z] Ignoring unsupported arg: port {"metadata":{"emulator":{"name":"ui"},"message":"Ignoring unsupported arg: port"}}
[debug] [2023-09-02T09:50:18.778Z] Starting Emulator UI with command {"binary":"node","args":["/home/jhirshdev/.cache/firebase/emulators/ui-v1.11.7/server/server.js"],"optionalArgs":[],"joinArgs":false} {"metadata":{"emulator":{"name":"ui"},"message":"Starting Emulator UI with command {\"binary\":\"node\",\"args\":[\"/home/jhirshdev/.cache/firebase/emulators/ui-v1.11.7/server/server.js\"],\"optionalArgs\":[],\"joinArgs\":false}"}}
[info] i  ui: Emulator UI logging to ui-debug.log {"metadata":{"emulator":{"name":"ui"},"message":"Emulator UI logging to \u001b[1mui-debug.log\u001b[22m"}}
[debug] [2023-09-02T09:50:18.886Z] Web / API server started at 127.0.0.1:4000
 {"metadata":{"emulator":{"name":"ui"},"message":"Web / API server started at 127.0.0.1:4000\n"}}
[debug] [2023-09-02T09:50:19.054Z] >>> [apiv2][query] PUT http://127.0.0.1:9000/.settings/rules.json ns=artwebsite-21a76-default-rtdb
[debug] [2023-09-02T09:50:19.055Z] >>> [apiv2][body] PUT http://127.0.0.1:9000/.settings/rules.json "{\n  \"rules\": {\n    \".read\": \"true\",\n    \".write\": \"auth.token.admin === true\", // only admins can write the data\n  }\n}"
[debug] [2023-09-02T09:50:19.435Z] 02:50:19.434 [NamespaceSystem-akka.actor.default-dispatcher-4] INFO com.firebase.core.namespace.NamespaceActor - artwebsite-21a76-default-rtdb successfully activated FBKV (SurveyIdle(0)) wait: 178ms, init: 0ms
 {"metadata":{"emulator":{"name":"database"},"message":"02:50:19.434 [NamespaceSystem-akka.actor.default-dispatcher-4] INFO com.firebase.core.namespace.NamespaceActor - artwebsite-21a76-default-rtdb successfully activated FBKV (SurveyIdle(0)) wait: 178ms, init: 0ms\n"}}
[debug] [2023-09-02T09:50:19.521Z] 02:50:19.521 [NamespaceSystem-blocking-namespace-operation-dispatcher-6] INFO com.firebase.core.namespace.StateManager - Namespace artwebsite-21a76-default-rtdb status Active to Active
 {"metadata":{"emulator":{"name":"database"},"message":"02:50:19.521 [NamespaceSystem-blocking-namespace-operation-dispatcher-6] INFO com.firebase.core.namespace.StateManager - Namespace artwebsite-21a76-default-rtdb status Active to Active\n"}}
[debug] [2023-09-02T09:50:19.552Z] <<< [apiv2][status] PUT http://127.0.0.1:9000/.settings/rules.json 200
[debug] [2023-09-02T09:50:19.553Z] <<< [apiv2][body] PUT http://127.0.0.1:9000/.settings/rules.json {"status":"ok"}
[info] 
┌─────────────────────────────────────────────────────────────┐
│ ✔  All emulators ready! It is now safe to connect your app. │
│ i  View Emulator UI at http://127.0.0.1:4000/               │
└─────────────────────────────────────────────────────────────┘

┌────────────────┬────────────────┬─────────────────────────────────┐
│ Emulator       │ Host:Port      │ View in Emulator UI             │
├────────────────┼────────────────┼─────────────────────────────────┤
│ Authentication │ 127.0.0.1:9099 │ http://127.0.0.1:4000/auth      │
├────────────────┼────────────────┼─────────────────────────────────┤
│ Firestore      │ 127.0.0.1:8080 │ http://127.0.0.1:4000/firestore │
├────────────────┼────────────────┼─────────────────────────────────┤
│ Database       │ 127.0.0.1:9000 │ http://127.0.0.1:4000/database  │
├────────────────┼────────────────┼─────────────────────────────────┤
│ Storage        │ 127.0.0.1:9199 │ http://127.0.0.1:4000/storage   │
└────────────────┴────────────────┴─────────────────────────────────┘
  Emulator Hub running at 127.0.0.1:4400
  Other reserved ports: 4500, 9150

Issues? Report them at https://github.com/firebase/firebase-tools/issues and attach the *-debug.log files.
 
[debug] [2023-09-02T09:50:28.211Z] Sep 02, 2023 2:50:28 AM com.google.cloud.datastore.emulator.firestore.websocket.WebSocketChannelHandler initChannel
INFO: Connected to new websocket client
 {"metadata":{"emulator":{"name":"firestore"},"message":"Sep 02, 2023 2:50:28 AM com.google.cloud.datastore.emulator.firestore.websocket.WebSocketChannelHandler initChannel\nINFO: Connected to new websocket client\n"}}
[debug] [2023-09-02T09:50:28.295Z] 02:50:28.295 [FirebaseWorkerPool-1-3] WARN com.firebase.core.persistence.backend.dummy.EmulatorMetadataPersistence - Multiple projectIds are not recommended in single project mode. Requested 
namespace artwebsite-21a76, but the emulator is configured for artwebsite-21a76-default-rtdb. To 
opt-out of single project mode add/set the singleProjectMode: false property in 
the firebase.json emulators config. 
 {"metadata":{"emulator":{"name":"database"},"message":"02:50:28.295 [FirebaseWorkerPool-1-3] WARN com.firebase.core.persistence.backend.dummy.EmulatorMetadataPersistence - Multiple projectIds are not recommended in single project mode. Requested \nnamespace artwebsite-21a76, but the emulator is configured for artwebsite-21a76-default-rtdb. To \nopt-out of single project mode add/set the singleProjectMode: false property in \nthe firebase.json emulators config. \n"}}
[debug] [2023-09-02T09:50:28.311Z] 02:50:28.310 [NamespaceSystem-akka.actor.default-dispatcher-5] INFO com.firebase.core.namespace.NamespaceActor - artwebsite-21a76 successfully activated FBKV (SurveyIdle(0)) wait: 13ms, init: 0ms
 {"metadata":{"emulator":{"name":"database"},"message":"02:50:28.310 [NamespaceSystem-akka.actor.default-dispatcher-5] INFO com.firebase.core.namespace.NamespaceActor - artwebsite-21a76 successfully activated FBKV (SurveyIdle(0)) wait: 13ms, init: 0ms\n"}}
[debug] [2023-09-02T09:54:48.932Z] Received signal SIGHUP 1
[info]  
[info] i  emulators: Received SIGHUP for the first time. Starting a clean shutdown. 
[info] i  emulators: Please wait for a clean shutdown or send the SIGHUP signal again to stop right now. 
[debug] [2023-09-02T09:54:48.935Z] Error: write EIO
    at afterWriteDispatched (node:internal/stream_base_commons:160:15)
    at writeGeneric (node:internal/stream_base_commons:151:3)
    at Socket._writeGeneric (node:net:946:11)
    at Socket._write (node:net:958:8)
    at writeOrBuffer (node:internal/streams/writable:399:12)
    at _write (node:internal/streams/writable:340:10)
    at Writable.write (node:internal/streams/writable:344:10)
    at Console.log (/usr/lib/node_modules/firebase-tools/node_modules/winston/lib/winston/transports/console.js:79:23)
    at Console._write (/usr/lib/node_modules/firebase-tools/node_modules/winston-transport/index.js:103:17)
    at doWrite (/usr/lib/node_modules/firebase-tools/node_modules/readable-stream/lib/_stream_writable.js:390:139)
[error] 
[error] Error: An unexpected error has occurred.
[debug] [2023-09-02T09:54:48.936Z] Error: write EIO
    at afterWriteDispatched (node:internal/stream_base_commons:160:15)
    at writeGeneric (node:internal/stream_base_commons:151:3)
    at Socket._writeGeneric (node:net:946:11)
    at Socket._write (node:net:958:8)
    at writeOrBuffer (node:internal/streams/writable:399:12)
    at _write (node:internal/streams/writable:340:10)
    at Writable.write (node:internal/streams/writable:344:10)
    at Console.log (/usr/lib/node_modules/firebase-tools/node_modules/winston/lib/winston/transports/console.js:79:23)
    at Console._write (/usr/lib/node_modules/firebase-tools/node_modules/winston-transport/index.js:103:17)
    at doWrite (/usr/lib/node_modules/firebase-tools/node_modules/readable-stream/lib/_stream_writable.js:390:139)
[error] 
[error] Error: An unexpected error has occurred.
[debug] [2023-09-02T09:54:48.938Z] Error: write EIO
    at afterWriteDispatched (node:internal/stream_base_commons:160:15)
    at writeGeneric (node:internal/stream_base_commons:151:3)
    at Socket._writeGeneric (node:net:946:11)
    at Socket._write (node:net:958:8)
    at writeOrBuffer (node:internal/streams/writable:399:12)
    at _write (node:internal/streams/writable:340:10)
    at Writable.write (node:internal/streams/writable:344:10)
    at Console.log (/usr/lib/node_modules/firebase-tools/node_modules/winston/lib/winston/transports/console.js:79:23)
    at Console._write (/usr/lib/node_modules/firebase-tools/node_modules/winston-transport/index.js:103:17)
    at doWrite (/usr/lib/node_modules/firebase-tools/node_modules/readable-stream/lib/_stream_writable.js:390:139)
[error] 
[error] Error: An unexpected error has occurred.
[debug] [2023-09-02T09:54:48.939Z] Error: write EIO
    at afterWriteDispatched (node:internal/stream_base_commons:160:15)
    at writeGeneric (node:internal/stream_base_commons:151:3)
    at Socket._writeGeneric (node:net:946:11)
    at Socket._write (node:net:958:8)
    at writeOrBuffer (node:internal/streams/writable:399:12)
    at _write (node:internal/streams/writable:340:10)
    at Writable.write (node:internal/streams/writable:344:10)
    at Console.log (/usr/lib/node_modules/firebase-tools/node_modules/winston/lib/winston/transports/console.js:79:23)
    at Console._write (/usr/lib/node_modules/firebase-tools/node_modules/winston-transport/index.js:103:17)
    at doWrite (/usr/lib/node_modules/firebase-tools/node_modules/readable-stream/lib/_stream_writable.js:390:139)
[error] 
[error] Error: An unexpected error has occurred.
[debug] [2023-09-02T09:54:48.940Z] Error: write EIO
    at afterWriteDispatched (node:internal/stream_base_commons:160:15)
    at writeGeneric (node:internal/stream_base_commons:151:3)
    at Socket._writeGeneric (node:net:946:11)
    at Socket._write (node:net:958:8)
    at writeOrBuffer (node:internal/streams/writable:399:12)
    at _write (node:internal/streams/writable:340:10)
    at Writable.write (node:internal/streams/writable:344:10)
    at Console.log (/usr/lib/node_modules/firebase-tools/node_modules/winston/lib/winston/transports/console.js:79:23)
    at Console._write (/usr/lib/node_modules/firebase-tools/node_modules/winston-transport/index.js:103:17)
    at doWrite (/usr/lib/node_modules/firebase-tools/node_modules/readable-stream/lib/_stream_writable.js:390:139)
[error] 
[error] Error: An unexpected error has occurred.
[debug] [2023-09-02T09:54:48.940Z] Error: write EIO
    at afterWriteDispatched (node:internal/stream_base_commons:160:15)
    at writeGeneric (node:internal/stream_base_commons:151:3)
    at Socket._writeGeneric (node:net:946:11)
    at Socket._write (node:net:958:8)
    at writeOrBuffer (node:internal/streams/writable:399:12)
    at _write (node:internal/streams/writable:340:10)
    at Writable.write (node:internal/streams/writable:344:10)
    at Console.log (/usr/lib/node_modules/firebase-tools/node_modules/winston/lib/winston/transports/console.js:79:23)
    at Console._write (/usr/lib/node_modules/firebase-tools/node_modules/winston-transport/index.js:103:17)
    at doWrite (/usr/lib/node_modules/firebase-tools/node_modules/readable-stream/lib/_stream_writable.js:390:139)
[error] 
[error] Error: An unexpected error has occurred.
[debug] [2023-09-02T09:54:48.941Z] Error: write EIO
    at afterWriteDispatched (node:internal/stream_base_commons:160:15)
    at writeGeneric (node:internal/stream_base_commons:151:3)
    at Socket._writeGeneric (node:net:946:11)
    at Socket._write (node:net:958:8)
    at writeOrBuffer (node:internal/streams/writable:399:12)
    at _write (node:internal/streams/writable:340:10)
    at Writable.write (node:internal/streams/writable:344:10)
    at Console.log (/usr/lib/node_modules/firebase-tools/node_modules/winston/lib/winston/transports/console.js:79:23)
    at Console._write (/usr/lib/node_modules/firebase-tools/node_modules/winston-transport/index.js:103:17)
    at doWrite (/usr/lib/node_modules/firebase-tools/node_modules/readable-stream/lib/_stream_writable.js:390:139)
[error] 
[error] Error: An unexpected error has occurred.
[debug] [2023-09-02T09:54:48.942Z] Error: write EIO
    at afterWriteDispatched (node:internal/stream_base_commons:160:15)
    at writeGeneric (node:internal/stream_base_commons:151:3)
    at Socket._writeGeneric (node:net:946:11)
    at Socket._write (node:net:958:8)
    at writeOrBuffer (node:internal/streams/writable:399:12)
    at _write (node:internal/streams/writable:340:10)
    at Writable.write (node:internal/streams/writable:344:10)
    at Console.log (/usr/lib/node_modules/firebase-tools/node_modules/winston/lib/winston/transports/console.js:79:23)
    at Console._write (/usr/lib/node_modules/firebase-tools/node_modules/winston-transport/index.js:103:17)
    at doWrite (/usr/lib/node_modules/firebase-tools/node_modules/readable-stream/lib/_stream_writable.js:390:139)
[error] 
[error] Error: An unexpected error has occurred.
[debug] [2023-09-02T09:54:48.953Z] Error: write EIO
    at afterWriteDispatched (node:internal/stream_base_commons:160:15)
    at writeGeneric (node:internal/stream_base_commons:151:3)
    at Socket._writeGeneric (node:net:946:11)
    at Socket._write (node:net:958:8)
    at writeOrBuffer (node:internal/streams/writable:399:12)
    at _write (node:internal/streams/writable:340:10)
    at Writable.write (node:internal/streams/writable:344:10)
    at Console.log (/usr/lib/node_modules/firebase-tools/node_modules/winston/lib/winston/transports/console.js:79:23)
    at Console._write (/usr/lib/node_modules/firebase-tools/node_modules/winston-transport/index.js:103:17)
    at doWrite (/usr/lib/node_modules/firebase-tools/node_modules/readable-stream/lib/_stream_writable.js:390:139)
[error] 
[error] Error: An unexpected error has occurred.
[debug] [2023-09-02T09:54:48.954Z] Error: write EIO
    at afterWriteDispatched (node:internal/stream_base_commons:160:15)
    at writeGeneric (node:internal/stream_base_commons:151:3)
    at Socket._writeGeneric (node:net:946:11)
    at Socket._write (node:net:958:8)
    at writeOrBuffer (node:internal/streams/writable:399:12)
    at _write (node:internal/streams/writable:340:10)
    at Writable.write (node:internal/streams/writable:344:10)
    at Console.log (/usr/lib/node_modules/firebase-tools/node_modules/winston/lib/winston/transports/console.js:79:23)
    at Console._write (/usr/lib/node_modules/firebase-tools/node_modules/winston-transport/index.js:103:17)
    at doWrite (/usr/lib/node_modules/firebase-tools/node_modules/readable-stream/lib/_stream_writable.js:390:139)
[error] 
[error] Error: An unexpected error has occurred.
[debug] [2023-09-02T09:54:48.955Z] Error: write EIO
    at afterWriteDispatched (node:internal/stream_base_commons:160:15)
    at writeGeneric (node:internal/stream_base_commons:151:3)
    at Socket._writeGeneric (node:net:946:11)
    at Socket._write (node:net:958:8)
    at writeOrBuffer (node:internal/streams/writable:399:12)
    at _write (node:internal/streams/writable:340:10)
    at Writable.write (node:internal/streams/writable:344:10)
    at Console.log (/usr/lib/node_modules/firebase-tools/node_modules/winston/lib/winston/transports/console.js:79:23)
    at Console._write (/usr/lib/node_modules/firebase-tools/node_modules/winston-transport/index.js:103:17)
    at doWrite (/usr/lib/node_modules/firebase-tools/node_modules/readable-stream/lib/_stream_writable.js:390:139)
[error] 
[error] Error: An unexpected error has occurred.
[debug] [2023-09-02T09:54:48.955Z] Error: write EIO
    at afterWriteDispatched (node:internal/stream_base_commons:160:15)
    at writeGeneric (node:internal/stream_base_commons:151:3)
    at Socket._writeGeneric (node:net:946:11)
    at Socket._write (node:net:958:8)
    at writeOrBuffer (node:internal/streams/writable:399:12)
    at _write (node:internal/streams/writable:340:10)
    at Writable.write (node:internal/streams/writable:344:10)
    at Console.log (/usr/lib/node_modules/firebase-tools/node_modules/winston/lib/winston/transports/console.js:79:23)
    at Console._write (/usr/lib/node_modules/firebase-tools/node_modules/winston-transport/index.js:103:17)
    at doWrite (/usr/lib/node_modules/firebase-tools/node_modules/readable-stream/lib/_stream_writable.js:390:139)
[error] 
[error] Error: An unexpected error has occurred.
[debug] [2023-09-02T09:54:48.956Z] Error: write EIO
    at afterWriteDispatched (node:internal/stream_base_commons:160:15)
    at writeGeneric (node:internal/stream_base_commons:151:3)
    at Socket._writeGeneric (node:net:946:11)
    at Socket._write (node:net:958:8)
    at writeOrBuffer (node:internal/streams/writable:399:12)
    at _write (node:internal/streams/writable:340:10)
    at Writable.write (node:internal/streams/writable:344:10)
    at Console.log (/usr/lib/node_modules/firebase-tools/node_modules/winston/lib/winston/transports/console.js:79:23)
    at Console._write (/usr/lib/node_modules/firebase-tools/node_modules/winston-transport/index.js:103:17)
    at doWrite (/usr/lib/node_modules/firebase-tools/node_modules/readable-stream/lib/_stream_writable.js:390:139)
[error] 
[error] Error: An unexpected error has occurred.
[debug] [2023-09-02T09:54:48.956Z] Error: write EIO
    at afterWriteDispatched (node:internal/stream_base_commons:160:15)
    at writeGeneric (node:internal/stream_base_commons:151:3)
    at Socket._writeGeneric (node:net:946:11)
    at Socket._write (node:net:958:8)
    at writeOrBuffer (node:internal/streams/writable:399:12)
    at _write (node:internal/streams/writable:340:10)
    at Writable.write (node:internal/streams/writable:344:10)
    at Console.log (/usr/lib/node_modules/firebase-tools/node_modules/winston/lib/winston/transports/console.js:79:23)
    at Console._write (/usr/lib/node_modules/firebase-tools/node_modules/winston-transport/index.js:103:17)
    at doWrite (/usr/lib/node_modules/firebase-tools/node_modules/readable-stream/lib/_stream_writable.js:390:139)
[error] 
[error] Error: An unexpected error has occurred.
[debug] [2023-09-02T09:54:48.957Z] Error: write EIO
    at afterWriteDispatched (node:internal/stream_base_commons:160:15)
    at writeGeneric (node:internal/stream_base_commons:151:3)
    at Socket._writeGeneric (node:net:946:11)
    at Socket._write (node:net:958:8)
    at writeOrBuffer (node:internal/streams/writable:399:12)
    at _write (node:internal/streams/writable:340:10)
    at Writable.write (node:internal/streams/writable:344:10)
    at Console.log (/usr/lib/node_modules/firebase-tools/node_modules/winston/lib/winston/transports/console.js:79:23)
    at Console._write (/usr/lib/node_modules/firebase-tools/node_modules/winston-transport/index.js:103:17)
    at doWrite (/usr/lib/node_modules/firebase-tools/node_modules/readable-stream/lib/_stream_writable.js:390:139)
[error] 
[error] Error: An unexpected error has occurred.
[debug] [2023-09-02T09:54:48.957Z] Error: write EIO
    at afterWriteDispatched (node:internal/stream_base_commons:160:15)
    at writeGeneric (node:internal/stream_base_commons:151:3)
    at Socket._writeGeneric (node:net:946:11)
    at Socket._write (node:net:958:8)
    at writeOrBuffer (node:internal/streams/writable:399:12)
    at _write (node:internal/streams/writable:340:10)
    at Writable.write (node:internal/streams/writable:344:10)
    at Console.log (/usr/lib/node_modules/firebase-tools/node_modules/winston/lib/winston/transports/console.js:79:23)
    at Console._write (/usr/lib/node_modules/firebase-tools/node_modules/winston-transport/index.js:103:17)
    at doWrite (/usr/lib/node_modules/firebase-tools/node_modules/readable-stream/lib/_stream_writable.js:390:139)
[error] 
[error] Error: An unexpected error has occurred.
[debug] [2023-09-02T09:54:48.958Z] Error: write EIO
    at afterWriteDispatched (node:internal/stream_base_commons:160:15)
    at writeGeneric (node:internal/stream_base_commons:151:3)
    at Socket._writeGeneric (node:net:946:11)
    at Socket._write (node:net:958:8)
    at writeOrBuffer (node:internal/streams/writable:399:12)
    at _write (node:internal/streams/writable:340:10)
    at Writable.write (node:internal/streams/writable:344:10)
    at Console.log (/usr/lib/node_modules/firebase-tools/node_modules/winston/lib/winston/transports/console.js:79:23)
    at Console._write (/usr/lib/node_modules/firebase-tools/node_modules/winston-transport/index.js:103:17)
    at doWrite (/usr/lib/node_modules/firebase-tools/node_modules/readable-stream/lib/_stream_writable.js:390:139)
[error] 
[error] Error: An unexpected error has occurred.
[debug] [2023-09-02T09:54:48.958Z] Error: write EIO
    at afterWriteDispatched (node:internal/stream_base_commons:160:15)
    at writeGeneric (node:internal/stream_base_commons:151:3)
    at Socket._writeGeneric (node:net:946:11)
    at Socket._write (node:net:958:8)
    at writeOrBuffer (node:internal/streams/writable:399:12)
    at _write (node:internal/streams/writable:340:10)
    at Writable.write (node:internal/streams/writable:344:10)
    at Console.log (/usr/lib/node_modules/firebase-tools/node_modules/winston/lib/winston/transports/console.js:79:23)
    at Console._write (/usr/lib/node_modules/firebase-tools/node_modules/winston-transport/index.js:103:17)
    at doWrite (/usr/lib/node_modules/firebase-tools/node_modules/readable-stream/lib/_stream_writable.js:390:139)
[error] 
[error] Error: An unexpected error has occurred.
[debug] [2023-09-02T09:54:48.961Z] Error: write EIO
    at afterWriteDispatched (node:internal/stream_base_commons:160:15)
    at writeGeneric (node:internal/stream_base_commons:151:3)
    at Socket._writeGeneric (node:net:946:11)
    at Socket._write (node:net:958:8)
    at writeOrBuffer (node:internal/streams/writable:399:12)
    at _write (node:internal/streams/writable:340:10)
    at Writable.write (node:internal/streams/writable:344:10)
    at Console.log (/usr/lib/node_modules/firebase-tools/node_modules/winston/lib/winston/transports/console.js:79:23)
    at Console._write (/usr/lib/node_modules/firebase-tools/node_modules/winston-transport/index.js:103:17)
    at doWrite (/usr/lib/node_modules/firebase-tools/node_modules/readable-stream/lib/_stream_writable.js:390:139)
[error] 
[error] Error: An unexpected error has occurred.
[debug] [2023-09-02T09:54:48.962Z] Error: write EIO
    at afterWriteDispatched (node:internal/stream_base_commons:160:15)
    at writeGeneric (node:internal/stream_base_commons:151:3)
    at Socket._writeGeneric (node:net:946:11)
    at Socket._write (node:net:958:8)
    at writeOrBuffer (node:internal/streams/writable:399:12)
    at _write (node:internal/streams/writable:340:10)
    at Writable.write (node:internal/streams/writable:344:10)
    at Console.log (/usr/lib/node_modules/firebase-tools/node_modules/winston/lib/winston/transports/console.js:79:23)
    at Console._write (/usr/lib/node_modules/firebase-tools/node_modules/winston-transport/index.js:103:17)
    at doWrite (/usr/lib/node_modules/firebase-tools/node_modules/readable-stream/lib/_stream_writable.js:390:139)
[error] 
[error] Error: An unexpected error has occurred.
[debug] [2023-09-02T09:54:48.963Z] Error: write EIO
    at afterWriteDispatched (node:internal/stream_base_commons:160:15)
    at writeGeneric (node:internal/stream_base_commons:151:3)
    at Socket._writeGeneric (node:net:946:11)
    at Socket._write (node:net:958:8)
    at writeOrBuffer (node:internal/streams/writable:399:12)
    at _write (node:internal/streams/writable:340:10)
    at Writable.write (node:internal/streams/writable:344:10)
    at Console.log (/usr/lib/node_modules/firebase-tools/node_modules/winston/lib/winston/transports/console.js:79:23)
    at Console._write (/usr/lib/node_modules/firebase-tools/node_modules/winston-transport/index.js:103:17)
    at doWrite (/usr/lib/node_modules/firebase-tools/node_modules/readable-stream/lib/_stream_writable.js:390:139)
[error] 
[error] Error: An unexpected error has occurred.
[debug] [2023-09-02T09:54:48.963Z] Error: write EIO
    at afterWriteDispatched (node:internal/stream_base_commons:160:15)
    at writeGeneric (node:internal/stream_base_commons:151:3)
    at Socket._writeGeneric (node:net:946:11)
    at Socket._write (node:net:958:8)
    at writeOrBuffer (node:internal/streams/writable:399:12)
    at _write (node:internal/streams/writable:340:10)
    at Writable.write (node:internal/streams/writable:344:10)
    at Console.log (/usr/lib/node_modules/firebase-tools/node_modules/winston/lib/winston/transports/console.js:79:23)
    at Console._write (/usr/lib/node_modules/firebase-tools/node_modules/winston-transport/index.js:103:17)
    at doWrite (/usr/lib/node_modules/firebase-tools/node_modules/readable-stream/lib/_stream_writable.js:390:139)
[error] 
[error] Error: An unexpected error has occurred.
[debug] [2023-09-02T09:54:48.964Z] Error: write EIO
    at afterWriteDispatched (node:internal/stream_base_commons:160:15)
    at writeGeneric (node:internal/stream_base_commons:151:3)
    at Socket._writeGeneric (node:net:946:11)
    at Socket._write (node:net:958:8)
    at writeOrBuffer (node:internal/streams/writable:399:12)
    at _write (node:internal/streams/writable:340:10)
    at Writable.write (node:internal/streams/writable:344:10)
    at Console.log (/usr/lib/node_modules/firebase-tools/node_modules/winston/lib/winston/transports/console.js:79:23)
    at Console._write (/usr/lib/node_modules/firebase-tools/node_modules/winston-transport/index.js:103:17)
    at doWrite (/usr/lib/node_modules/firebase-tools/node_modules/readable-stream/lib/_stream_writable.js:390:139)
[error] 
[error] Error: An unexpected error has occurred.
[debug] [2023-09-02T09:54:48.964Z] Error: write EIO
    at afterWriteDispatched (node:internal/stream_base_commons:160:15)
    at writeGeneric (node:internal/stream_base_commons:151:3)
    at Socket._writeGeneric (node:net:946:11)
    at Socket._write (node:net:958:8)
    at writeOrBuffer (node:internal/streams/writable:399:12)
    at _write (node:internal/streams/writable:340:10)
    at Writable.write (node:internal/streams/writable:344:10)
    at Console.log (/usr/lib/node_modules/firebase-tools/node_modules/winston/lib/winston/transports/console.js:79:23)
    at Console._write (/usr/lib/node_modules/firebase-tools/node_modules/winston-transport/index.js:103:17)
    at doWrite (/usr/lib/node_modules/firebase-tools/node_modules/readable-stream/lib/_stream_writable.js:390:139)
[error] 
[error] Error: An unexpected error has occurred.
[debug] [2023-09-02T09:54:48.965Z] Error: write EIO
    at afterWriteDispatched (node:internal/stream_base_commons:160:15)
    at writeGeneric (node:internal/stream_base_commons:151:3)
    at Socket._writeGeneric (node:net:946:11)
    at Socket._write (node:net:958:8)
    at writeOrBuffer (node:internal/streams/writable:399:12)
    at _write (node:internal/streams/writable:340:10)
    at Writable.write (node:internal/streams/writable:344:10)
    at Console.log (/usr/lib/node_modules/firebase-tools/node_modules/winston/lib/winston/transports/console.js:79:23)
    at Console._write (/usr/lib/node_modules/firebase-tools/node_modules/winston-transport/index.js:103:17)
    at doWrite (/usr/lib/node_modules/firebase-tools/node_modules/readable-stream/lib/_stream_writable.js:390:139)
[error] 
[error] Error: An unexpected error has occurred.
[debug] [2023-09-02T09:54:48.965Z] Error: write EIO
    at afterWriteDispatched (node:internal/stream_base_commons:160:15)
    at writeGeneric (node:internal/stream_base_commons:151:3)
    at Socket._writeGeneric (node:net:946:11)
    at Socket._write (node:net:958:8)
    at writeOrBuffer (node:internal/streams/writable:399:12)
    at _write (node:internal/streams/writable:340:10)
    at Writable.write (node:internal/streams/writable:344:10)
    at Console.log (/usr/lib/node_modules/firebase-tools/node_modules/winston/lib/winston/transports/console.js:79:23)
    at Console._write (/usr/lib/node_modules/firebase-tools/node_modules/winston-transport/index.js:103:17)
    at doWrite (/usr/lib/node_modules/firebase-tools/node_modules/readable-stream/lib/_stream_writable.js:390:139)
[error] 
[error] Error: An unexpected error has occurred.
[debug] [2023-09-02T09:54:48.966Z] Error: write EIO
    at afterWriteDispatched (node:internal/stream_base_commons:160:15)
    at writeGeneric (node:internal/stream_base_commons:151:3)
    at Socket._writeGeneric (node:net:946:11)
    at Socket._write (node:net:958:8)
    at writeOrBuffer (node:internal/streams/writable:399:12)
    at _write (node:internal/streams/writable:340:10)
    at Writable.write (node:internal/streams/writable:344:10)
    at Console.log (/usr/lib/node_modules/firebase-tools/node_modules/winston/lib/winston/transports/console.js:79:23)
    at Console._write (/usr/lib/node_modules/firebase-tools/node_modules/winston-transport/index.js:103:17)
    at doWrite (/usr/lib/node_modules/firebase-tools/node_modules/readable-stream/lib/_stream_writable.js:390:139)
[error] 
[error] Error: An unexpected error has occurred.
[debug] [2023-09-02T09:54:48.967Z] Error: write EIO
    at afterWriteDispatched (node:internal/stream_base_commons:160:15)
    at writeGeneric (node:internal/stream_base_commons:151:3)
    at Socket._writeGeneric (node:net:946:11)
    at Socket._write (node:net:958:8)
    at writeOrBuffer (node:internal/streams/writable:399:12)
    at _write (node:internal/streams/writable:340:10)
    at Writable.write (node:internal/streams/writable:344:10)
    at Console.log (/usr/lib/node_modules/firebase-tools/node_modules/winston/lib/winston/transports/console.js:79:23)
    at Console._write (/usr/lib/node_modules/firebase-tools/node_modules/winston-transport/index.js:103:17)
    at doWrite (/usr/lib/node_modules/firebase-tools/node_modules/readable-stream/lib/_stream_writable.js:390:139)
[error] 
[error] Error: An unexpected error has occurred.
[debug] [2023-09-02T09:54:48.967Z] Error: write EIO
    at afterWriteDispatched (node:internal/stream_base_commons:160:15)
    at writeGeneric (node:internal/stream_base_commons:151:3)
    at Socket._writeGeneric (node:net:946:11)
    at Socket._write (node:net:958:8)
    at writeOrBuffer (node:internal/streams/writable:399:12)
    at _write (node:internal/streams/writable:340:10)
    at Writable.write (node:internal/streams/writable:344:10)
    at Console.log (/usr/lib/node_modules/firebase-tools/node_modules/winston/lib/winston/transports/console.js:79:23)
    at Console._write (/usr/lib/node_modules/firebase-tools/node_modules/winston-transport/index.js:103:17)
    at doWrite (/usr/lib/node_modules/firebase-tools/node_modules/readable-stream/lib/_stream_writable.js:390:139)
[error] 
[error] Error: An unexpected error has occurred.
[debug] [2023-09-02T09:54:48.967Z] Error: write EIO
    at afterWriteDispatched (node:internal/stream_base_commons:160:15)
    at writeGeneric (node:internal/stream_base_commons:151:3)
    at Socket._writeGeneric (node:net:946:11)
    at Socket._write (node:net:958:8)
    at writeOrBuffer (node:internal/streams/writable:399:12)
    at _write (node:internal/streams/writable:340:10)
    at Writable.write (node:internal/streams/writable:344:10)
    at Console.log (/usr/lib/node_modules/firebase-tools/node_modules/winston/lib/winston/transports/console.js:79:23)
    at Console._write (/usr/lib/node_modules/firebase-tools/node_modules/winston-transport/index.js:103:17)
    at doWrite (/usr/lib/node_modules/firebase-tools/node_modules/readable-stream/lib/_stream_writable.js:390:139)
[error] 
[error] Error: An unexpected error has occurred.
[debug] [2023-09-02T09:54:48.968Z] Error: write EIO
    at afterWriteDispatched (node:internal/stream_base_commons:160:15)
    at writeGeneric (node:internal/stream_base_commons:151:3)
    at Socket._writeGeneric (node:net:946:11)
    at Socket._write (node:net:958:8)
    at writeOrBuffer (node:internal/streams/writable:399:12)
    at _write (node:internal/streams/writable:340:10)
    at Writable.write (node:internal/streams/writable:344:10)
    at Console.log (/usr/lib/node_modules/firebase-tools/node_modules/winston/lib/winston/transports/console.js:79:23)
    at Console._write (/usr/lib/node_modules/firebase-tools/node_modules/winston-transport/index.js:103:17)
    at doWrite (/usr/lib/node_modules/firebase-tools/node_modules/readable-stream/lib/_stream_writable.js:390:139)
[error] 
[error] Error: An unexpected error has occurred.
[debug] [2023-09-02T09:54:48.968Z] Error: write EIO
    at afterWriteDispatched (node:internal/stream_base_commons:160:15)
    at writeGeneric (node:internal/stream_base_commons:151:3)
    at Socket._writeGeneric (node:net:946:11)
    at Socket._write (node:net:958:8)
    at writeOrBuffer (node:internal/streams/writable:399:12)
    at _write (node:internal/streams/writable:340:10)
    at Writable.write (node:internal/streams/writable:344:10)
    at Console.log (/usr/lib/node_modules/firebase-tools/node_modules/winston/lib/winston/transports/console.js:79:23)
    at Console._write (/usr/lib/node_modules/firebase-tools/node_modules/winston-transport/index.js:103:17)
    at doWrite (/usr/lib/node_modules/firebase-tools/node_modules/readable-stream/lib/_stream_writable.js:390:139)
[error] 
[error] Error: An unexpected error has occurred.
[debug] [2023-09-02T09:54:48.969Z] Error: write EIO
    at afterWriteDispatched (node:internal/stream_base_commons:160:15)
    at writeGeneric (node:internal/stream_base_commons:151:3)
    at Socket._writeGeneric (node:net:946:11)
    at Socket._write (node:net:958:8)
    at writeOrBuffer (node:internal/streams/writable:399:12)
    at _write (node:internal/streams/writable:340:10)
    at Writable.write (node:internal/streams/writable:344:10)
    at Console.log (/usr/lib/node_modules/firebase-tools/node_modules/winston/lib/winston/transports/console.js:79:23)
    at Console._write (/usr/lib/node_modules/firebase-tools/node_modules/winston-transport/index.js:103:17)
    at doWrite (/usr/lib/node_modules/firebase-tools/node_modules/readable-stream/lib/_stream_writable.js:390:139)
[error] 
[error] Error: An unexpected error has occurred.
[debug] [2023-09-02T09:54:48.969Z] Error: write EIO
    at afterWriteDispatched (node:internal/stream_base_commons:160:15)
    at writeGeneric (node:internal/stream_base_commons:151:3)
    at Socket._writeGeneric (node:net:946:11)
    at Socket._write (node:net:958:8)
    at writeOrBuffer (node:internal/streams/writable:399:12)
    at _write (node:internal/streams/writable:340:10)
    at Writable.write (node:internal/streams/writable:344:10)
    at Console.log (/usr/lib/node_modules/firebase-tools/node_modules/winston/lib/winston/transports/console.js:79:23)
    at Console._write (/usr/lib/node_modules/firebase-tools/node_modules/winston-transport/index.js:103:17)
    at doWrite (/usr/lib/node_modules/firebase-tools/node_modules/readable-stream/lib/_stream_writable.js:390:139)
[error] 
[error] Error: An unexpected error has occurred.
[debug] [2023-09-02T09:54:48.970Z] Error: write EIO
    at afterWriteDispatched (node:internal/stream_base_commons:160:15)
    at writeGeneric (node:internal/stream_base_commons:151:3)
    at Socket._writeGeneric (node:net:946:11)
    at Socket._write (node:net:958:8)
    at writeOrBuffer (node:internal/streams/writable:399:12)
    at _write (node:internal/streams/writable:340:10)
    at Writable.write (node:internal/streams/writable:344:10)
    at Console.log (/usr/lib/node_modules/firebase-tools/node_modules/winston/lib/winston/transports/console.js:79:23)
    at Console._write (/usr/lib/node_modules/firebase-tools/node_modules/winston-transport/index.js:103:17)
    at doWrite (/usr/lib/node_modules/firebase-tools/node_modules/readable-stream/lib/_stream_writable.js:390:139)
[error] 
[error] Error: An unexpected error has occurred.
[debug] [2023-09-02T09:54:48.971Z] Error: write EIO
    at afterWriteDispatched (node:internal/stream_base_commons:160:15)
    at writeGeneric (node:internal/stream_base_commons:151:3)
    at Socket._writeGeneric (node:net:946:11)
    at Socket._write (node:net:958:8)
    at writeOrBuffer (node:internal/streams/writable:399:12)
    at _write (node:internal/streams/writable:340:10)
    at Writable.write (node:internal/streams/writable:344:10)
    at Console.log (/usr/lib/node_modules/firebase-tools/node_modules/winston/lib/winston/transports/console.js:79:23)
    at Console._write (/usr/lib/node_modules/firebase-tools/node_modules/winston-transport/index.js:103:17)
    at doWrite (/usr/lib/node_modules/firebase-tools/node_modules/readable-stream/lib/_stream_writable.js:390:139)
[error] 
[error] Error: An unexpected error has occurred.
[debug] [2023-09-02T09:54:48.981Z] Error: write EIO
    at afterWriteDispatched (node:internal/stream_base_commons:160:15)
    at writeGeneric (node:internal/stream_base_commons:151:3)
    at Socket._writeGeneric (node:net:946:11)
    at Socket._write (node:net:958:8)
    at writeOrBuffer (node:internal/streams/writable:399:12)
    at _write (node:internal/streams/writable:340:10)
    at Writable.write (node:internal/streams/writable:344:10)
    at Console.log (/usr/lib/node_modules/firebase-tools/node_modules/winston/lib/winston/transports/console.js:79:23)
    at Console._write (/usr/lib/node_modules/firebase-tools/node_modules/winston-transport/index.js:103:17)
    at doWrite (/usr/lib/node_modules/firebase-tools/node_modules/readable-stream/lib/_stream_writable.js:390:139)
[error] 
[error] Error: An unexpected error has occurred.
[debug] [2023-09-02T09:54:48.981Z] Error: write EIO
    at afterWriteDispatched (node:internal/stream_base_commons:160:15)
    at writeGeneric (node:internal/stream_base_commons:151:3)
    at Socket._writeGeneric (node:net:946:11)
    at Socket._write (node:net:958:8)
    at writeOrBuffer (node:internal/streams/writable:399:12)
    at _write (node:internal/streams/writable:340:10)
    at Writable.write (node:internal/streams/writable:344:10)
    at Console.log (/usr/lib/node_modules/firebase-tools/node_modules/winston/lib/winston/transports/console.js:79:23)
    at Console._write (/usr/lib/node_modules/firebase-tools/node_modules/winston-transport/index.js:103:17)
    at doWrite (/usr/lib/node_modules/firebase-tools/node_modules/readable-stream/lib/_stream_writable.js:390:139)
[error] 
[error] Error: An unexpected error has occurred.
[debug] [2023-09-02T09:54:48.982Z] Error: write EIO
    at afterWriteDispatched (node:internal/stream_base_commons:160:15)
    at writeGeneric (node:internal/stream_base_commons:151:3)
    at Socket._writeGeneric (node:net:946:11)
    at Socket._write (node:net:958:8)
    at writeOrBuffer (node:internal/streams/writable:399:12)
    at _write (node:internal/streams/writable:340:10)
    at Writable.write (node:internal/streams/writable:344:10)
    at Console.log (/usr/lib/node_modules/firebase-tools/node_modules/winston/lib/winston/transports/console.js:79:23)
    at Console._write (/usr/lib/node_modules/firebase-tools/node_modules/winston-transport/index.js:103:17)
    at doWrite (/usr/lib/node_modules/firebase-tools/node_modules/readable-stream/lib/_stream_writable.js:390:139)
[error] 
[error] Error: An unexpected error has occurred.
[debug] [2023-09-02T09:54:48.982Z] Error: write EIO
    at afterWriteDispatched (node:internal/stream_base_commons:160:15)
    at writeGeneric (node:internal/stream_base_commons:151:3)
    at Socket._writeGeneric (node:net:946:11)
    at Socket._write (node:net:958:8)
    at writeOrBuffer (node:internal/streams/writable:399:12)
    at _write (node:internal/streams/writable:340:10)
    at Writable.write (node:internal/streams/writable:344:10)
    at Console.log (/usr/lib/node_modules/firebase-tools/node_modules/winston/lib/winston/transports/console.js:79:23)
    at Console._write (/usr/lib/node_modules/firebase-tools/node_modules/winston-transport/index.js:103:17)
    at doWrite (/usr/lib/node_modules/firebase-tools/node_modules/readable-stream/lib/_stream_writable.js:390:139)
[error] 
[error] Error: An unexpected error has occurred.
[debug] [2023-09-02T09:54:48.984Z] Error: write EIO
    at afterWriteDispatched (node:internal/stream_base_commons:160:15)
    at writeGeneric (node:internal/stream_base_commons:151:3)
    at Socket._writeGeneric (node:net:946:11)
    at Socket._write (node:net:958:8)
    at writeOrBuffer (node:internal/streams/writable:399:12)
    at _write (node:internal/streams/writable:340:10)
    at Writable.write (node:internal/streams/writable:344:10)
    at Console.log (/usr/lib/node_modules/firebase-tools/node_modules/winston/lib/winston/transports/console.js:79:23)
    at Console._write (/usr/lib/node_modules/firebase-tools/node_modules/winston-transport/index.js:103:17)
    at doWrite (/usr/lib/node_modules/firebase-tools/node_modules/readable-stream/lib/_stream_writable.js:390:139)
[error] 
[error] Error: An unexpected error has occurred.
[debug] [2023-09-02T09:54:48.985Z] Error: write EIO
    at afterWriteDispatched (node:internal/stream_base_commons:160:15)
    at writeGeneric (node:internal/stream_base_commons:151:3)
    at Socket._writeGeneric (node:net:946:11)
    at Socket._write (node:net:958:8)
    at writeOrBuffer (node:internal/streams/writable:399:12)
    at _write (node:internal/streams/writable:340:10)
    at Writable.write (node:internal/streams/writable:344:10)
    at Console.log (/usr/lib/node_modules/firebase-tools/node_modules/winston/lib/winston/transports/console.js:79:23)
    at Console._write (/usr/lib/node_modules/firebase-tools/node_modules/winston-transport/index.js:103:17)
    at doWrite (/usr/lib/node_modules/firebase-tools/node_modules/readable-stream/lib/_stream_writable.js:390:139)
[error] 
[error] Error: An unexpected error has occurred.
[debug] [2023-09-02T09:54:48.985Z] Error: write EIO
    at afterWriteDispatched (node:internal/stream_base_commons:160:15)
    at writeGeneric (node:internal/stream_base_commons:151:3)
    at Socket._writeGeneric (node:net:946:11)
    at Socket._write (node:net:958:8)
    at writeOrBuffer (node:internal/streams/writable:399:12)
    at _write (node:internal/streams/writable:340:10)
    at Writable.write (node:internal/streams/writable:344:10)
    at Console.log (/usr/lib/node_modules/firebase-tools/node_modules/winston/lib/winston/transports/console.js:79:23)
    at Console._write (/usr/lib/node_modules/firebase-tools/node_modules/winston-transport/index.js:103:17)
    at doWrite (/usr/lib/node_modules/firebase-tools/node_modules/readable-stream/lib/_stream_writable.js:390:139)
[error] 
[error] Error: An unexpected error has occurred.
[debug] [2023-09-02T09:54:48.985Z] Error: write EIO
    at afterWriteDispatched (node:internal/stream_base_commons:160:15)
    at writeGeneric (node:internal/stream_base_commons:151:3)
    at Socket._writeGeneric (node:net:946:11)
    at Socket._write (node:net:958:8)
    at writeOrBuffer (node:internal/streams/writable:399:12)
    at _write (node:internal/streams/writable:340:10)
    at Writable.write (node:internal/streams/writable:344:10)
    at Console.log (/usr/lib/node_modules/firebase-tools/node_modules/winston/lib/winston/transports/console.js:79:23)
    at Console._write (/usr/lib/node_modules/firebase-tools/node_modules/winston-transport/index.js:103:17)
    at doWrite (/usr/lib/node_modules/firebase-tools/node_modules/readable-stream/lib/_stream_writable.js:390:139)
[error] 
[error] Error: An unexpected error has occurred.
[debug] [2023-09-02T09:54:48.986Z] Error: write EIO
    at afterWriteDispatched (node:internal/stream_base_commons:160:15)
    at writeGeneric (node:internal/stream_base_commons:151:3)
    at Socket._writeGeneric (node:net:946:11)
    at Socket._write (node:net:958:8)
    at writeOrBuffer (node:internal/streams/writable:399:12)
    at _write (node:internal/streams/writable:340:10)
    at Writable.write (node:internal/streams/writable:344:10)
    at Console.log (/usr/lib/node_modules/firebase-tools/node_modules/winston/lib/winston/transports/console.js:79:23)
    at Console._write (/usr/lib/node_modules/firebase-tools/node_modules/winston-transport/index.js:103:17)
    at doWrite (/usr/lib/node_modules/firebase-tools/node_modules/readable-stream/lib/_stream_writable.js:390:139)
[error] 
[error] Error: An unexpected error has occurred.
[debug] [2023-09-02T09:54:48.996Z] Error: write EIO
    at afterWriteDispatched (node:internal/stream_base_commons:160:15)
    at writeGeneric (node:internal/stream_base_commons:151:3)
    at Socket._writeGeneric (node:net:946:11)
    at Socket._write (node:net:958:8)
    at writeOrBuffer (node:internal/streams/writable:399:12)
    at _write (node:internal/streams/writable:340:10)
    at Writable.write (node:internal/streams/writable:344:10)
    at Console.log (/usr/lib/node_modules/firebase-tools/node_modules/winston/lib/winston/transports/console.js:79:23)
    at Console._write (/usr/lib/node_modules/firebase-tools/node_modules/winston-transport/index.js:103:17)
    at doWrite (/usr/lib/node_modules/firebase-tools/node_modules/readable-stream/lib/_stream_writable.js:390:139)
[error] 
[error] Error: An unexpected error has occurred.
[debug] [2023-09-02T09:54:48.997Z] Error: write EIO
    at afterWriteDispatched (node:internal/stream_base_commons:160:15)
    at writeGeneric (node:internal/stream_base_commons:151:3)
    at Socket._writeGeneric (node:net:946:11)
    at Socket._write (node:net:958:8)
    at writeOrBuffer (node:internal/streams/writable:399:12)
    at _write (node:internal/streams/writable:340:10)
    at Writable.write (node:internal/streams/writable:344:10)
    at Console.log (/usr/lib/node_modules/firebase-tools/node_modules/winston/lib/winston/transports/console.js:79:23)
    at Console._write (/usr/lib/node_modules/firebase-tools/node_modules/winston-transport/index.js:103:17)
    at doWrite (/usr/lib/node_modules/firebase-tools/node_modules/readable-stream/lib/_stream_writable.js:390:139)
[error] 
[error] Error: An unexpected error has occurred.
[debug] [2023-09-02T09:54:48.997Z] Error: write EIO
    at afterWriteDispatched (node:internal/stream_base_commons:160:15)
    at writeGeneric (node:internal/stream_base_commons:151:3)
    at Socket._writeGeneric (node:net:946:11)
    at Socket._write (node:net:958:8)
    at writeOrBuffer (node:internal/streams/writable:399:12)
    at _write (node:internal/streams/writable:340:10)
    at Writable.write (node:internal/streams/writable:344:10)
    at Console.log (/usr/lib/node_modules/firebase-tools/node_modules/winston/lib/winston/transports/console.js:79:23)
    at Console._write (/usr/lib/node_modules/firebase-tools/node_modules/winston-transport/index.js:103:17)
    at doWrite (/usr/lib/node_modules/firebase-tools/node_modules/readable-stream/lib/_stream_writable.js:390:139)
[error] 
[error] Error: An unexpected error has occurred.
[debug] [2023-09-02T09:54:48.998Z] Error: write EIO
    at afterWriteDispatched (node:internal/stream_base_commons:160:15)
    at writeGeneric (node:internal/stream_base_commons:151:3)
    at Socket._writeGeneric (node:net:946:11)
    at Socket._write (node:net:958:8)
    at writeOrBuffer (node:internal/streams/writable:399:12)
    at _write (node:internal/streams/writable:340:10)
    at Writable.write (node:internal/streams/writable:344:10)
    at Console.log (/usr/lib/node_modules/firebase-tools/node_modules/winston/lib/winston/transports/console.js:79:23)
    at Console._write (/usr/lib/node_modules/firebase-tools/node_modules/winston-transport/index.js:103:17)
    at doWrite (/usr/lib/node_modules/firebase-tools/node_modules/readable-stream/lib/_stream_writable.js:390:139)
[error] 
[error] Error: An unexpected error has occurred.
[debug] [2023-09-02T09:54:48.998Z] Error: write EIO
    at afterWriteDispatched (node:internal/stream_base_commons:160:15)
    at writeGeneric (node:internal/stream_base_commons:151:3)
    at Socket._writeGeneric (node:net:946:11)
    at Socket._write (node:net:958:8)
    at writeOrBuffer (node:internal/streams/writable:399:12)
    at _write (node:internal/streams/writable:340:10)
    at Writable.write (node:internal/streams/writable:344:10)
    at Console.log (/usr/lib/node_modules/firebase-tools/node_modules/winston/lib/winston/transports/console.js:79:23)
    at Console._write (/usr/lib/node_modules/firebase-tools/node_modules/winston-transport/index.js:103:17)
    at doWrite (/usr/lib/node_modules/firebase-tools/node_modules/readable-stream/lib/_stream_writable.js:390:139)
[error] 
[error] Error: An unexpected error has occurred.
[debug] [2023-09-02T09:54:48.999Z] Error: write EIO
    at afterWriteDispatched (node:internal/stream_base_commons:160:15)
    at writeGeneric (node:internal/stream_base_commons:151:3)
    at Socket._writeGeneric (node:net:946:11)
    at Socket._write (node:net:958:8)
    at writeOrBuffer (node:internal/streams/writable:399:12)
    at _write (node:internal/streams/writable:340:10)
    at Writable.write (node:internal/streams/writable:344:10)
    at Console.log (/usr/lib/node_modules/firebase-tools/node_modules/winston/lib/winston/transports/console.js:79:23)
    at Console._write (/usr/lib/node_modules/firebase-tools/node_modules/winston-transport/index.js:103:17)
    at doWrite (/usr/lib/node_modules/firebase-tools/node_modules/readable-stream/lib/_stream_writable.js:390:139)
[error] 
[error] Error: An unexpected error has occurred.
[debug] [2023-09-02T09:54:48.999Z] Error: write EIO
    at afterWriteDispatched (node:internal/stream_base_commons:160:15)
    at writeGeneric (node:internal/stream_base_commons:151:3)
    at Socket._writeGeneric (node:net:946:11)
    at Socket._write (node:net:958:8)
    at writeOrBuffer (node:internal/streams/writable:399:12)
    at _write (node:internal/streams/writable:340:10)
    at Writable.write (node:internal/streams/writable:344:10)
    at Console.log (/usr/lib/node_modules/firebase-tools/node_modules/winston/lib/winston/transports/console.js:79:23)
    at Console._write (/usr/lib/node_modules/firebase-tools/node_modules/winston-transport/index.js:103:17)
    at doWrite (/usr/lib/node_modules/firebase-tools/node_modules/readable-stream/lib/_stream_writable.js:390:139)
[error] 
[error] Error: An unexpected error has occurred.
[debug] [2023-09-02T09:54:49.000Z] Error: write EIO
    at afterWriteDispatched (node:internal/stream_base_commons:160:15)
    at writeGeneric (node:internal/stream_base_commons:151:3)
    at Socket._writeGeneric (node:net:946:11)
    at Socket._write (node:net:958:8)
    at writeOrBuffer (node:internal/streams/writable:399:12)
    at _write (node:internal/streams/writable:340:10)
    at Writable.write (node:internal/streams/writable:344:10)
    at Console.log (/usr/lib/node_modules/firebase-tools/node_modules/winston/lib/winston/transports/console.js:79:23)
    at Console._write (/usr/lib/node_modules/firebase-tools/node_modules/winston-transport/index.js:103:17)
    at doWrite (/usr/lib/node_modules/firebase-tools/node_modules/readable-stream/lib/_stream_writable.js:390:139)
[error] 
[error] Error: An unexpected error has occurred.
[debug] [2023-09-02T09:54:49.001Z] Error: write EIO
    at afterWriteDispatched (node:internal/stream_base_commons:160:15)
    at writeGeneric (node:internal/stream_base_commons:151:3)
    at Socket._writeGeneric (node:net:946:11)
    at Socket._write (node:net:958:8)
    at writeOrBuffer (node:internal/streams/writable:399:12)
    at _write (node:internal/streams/writable:340:10)
    at Writable.write (node:internal/streams/writable:344:10)
    at Console.log (/usr/lib/node_modules/firebase-tools/node_modules/winston/lib/winston/transports/console.js:79:23)
    at Console._write (/usr/lib/node_modules/firebase-tools/node_modules/winston-transport/index.js:103:17)
    at doWrite (/usr/lib/node_modules/firebase-tools/node_modules/readable-stream/lib/_stream_writable.js:390:139)
[error] 
[error] Error: An unexpected error has occurred.
[debug] [2023-09-02T09:54:49.001Z] Error: write EIO
    at afterWriteDispatched (node:internal/stream_base_commons:160:15)
    at writeGeneric (node:internal/stream_base_commons:151:3)
    at Socket._writeGeneric (node:net:946:11)
    at Socket._write (node:net:958:8)
    at writeOrBuffer (node:internal/streams/writable:399:12)
    at _write (node:internal/streams/writable:340:10)
    at Writable.write (node:internal/streams/writable:344:10)
    at Console.log (/usr/lib/node_modules/firebase-tools/node_modules/winston/lib/winston/transports/console.js:79:23)
    at Console._write (/usr/lib/node_modules/firebase-tools/node_modules/winston-transport/index.js:103:17)
    at doWrite (/usr/lib/node_modules/firebase-tools/node_modules/readable-stream/lib/_stream_writable.js:390:139)
[error] 
[error] Error: An unexpected error has occurred.
[debug] [2023-09-02T09:54:49.001Z] Error: write EIO
    at afterWriteDispatched (node:internal/stream_base_commons:160:15)
    at writeGeneric (node:internal/stream_base_commons:151:3)
    at Socket._writeGeneric (node:net:946:11)
    at Socket._write (node:net:958:8)
    at writeOrBuffer (node:internal/streams/writable:399:12)
    at _write (node:internal/streams/writable:340:10)
    at Writable.write (node:internal/streams/writable:344:10)
    at Console.log (/usr/lib/node_modules/firebase-tools/node_modules/winston/lib/winston/transports/console.js:79:23)
    at Console._write (/usr/lib/node_modules/firebase-tools/node_modules/winston-transport/index.js:103:17)
    at doWrite (/usr/lib/node_modules/firebase-tools/node_modules/readable-stream/lib/_stream_writable.js:390:139)
[error] 
[error] Error: An unexpected error has occurred.
[debug] [2023-09-02T09:54:49.002Z] Error: write EIO
    at afterWriteDispatched (node:internal/stream_base_commons:160:15)
    at writeGeneric (node:internal/stream_base_commons:151:3)
    at Socket._writeGeneric (node:net:946:11)
    at Socket._write (node:net:958:8)
    at writeOrBuffer (node:internal/streams/writable:399:12)
    at _write (node:internal/streams/writable:340:10)
    at Writable.write (node:internal/streams/writable:344:10)
    at Console.log (/usr/lib/node_modules/firebase-tools/node_modules/winston/lib/winston/transports/console.js:79:23)
    at Console._write (/usr/lib/node_modules/firebase-tools/node_modules/winston-transport/index.js:103:17)
    at doWrite (/usr/lib/node_modules/firebase-tools/node_modules/readable-stream/lib/_stream_writable.js:390:139)
[error] 
[error] Error: An unexpected error has occurred.
[debug] [2023-09-02T09:54:49.013Z] Error: write EIO
    at afterWriteDispatched (node:internal/stream_base_commons:160:15)
    at writeGeneric (node:internal/stream_base_commons:151:3)
    at Socket._writeGeneric (node:net:946:11)
    at Socket._write (node:net:958:8)
    at writeOrBuffer (node:internal/streams/writable:399:12)
    at _write (node:internal/streams/writable:340:10)
    at Writable.write (node:internal/streams/writable:344:10)
    at Console.log (/usr/lib/node_modules/firebase-tools/node_modules/winston/lib/winston/transports/console.js:79:23)
    at Console._write (/usr/lib/node_modules/firebase-tools/node_modules/winston-transport/index.js:103:17)
    at doWrite (/usr/lib/node_modules/firebase-tools/node_modules/readable-stream/lib/_stream_writable.js:390:139)
[error] 
[error] Error: An unexpected error has occurred.
[debug] [2023-09-02T09:54:49.013Z] Error: write EIO
    at afterWriteDispatched (node:internal/stream_base_commons:160:15)
    at writeGeneric (node:internal/stream_base_commons:151:3)
    at Socket._writeGeneric (node:net:946:11)
    at Socket._write (node:net:958:8)
    at writeOrBuffer (node:internal/streams/writable:399:12)
    at _write (node:internal/streams/writable:340:10)
    at Writable.write (node:internal/streams/writable:344:10)
    at Console.log (/usr/lib/node_modules/firebase-tools/node_modules/winston/lib/winston/transports/console.js:79:23)
    at Console._write (/usr/lib/node_modules/firebase-tools/node_modules/winston-transport/index.js:103:17)
    at doWrite (/usr/lib/node_modules/firebase-tools/node_modules/readable-stream/lib/_stream_writable.js:390:139)
[error] 
[error] Error: An unexpected error has occurred.
[debug] [2023-09-02T09:54:49.014Z] Error: write EIO
    at afterWriteDispatched (node:internal/stream_base_commons:160:15)
    at writeGeneric (node:internal/stream_base_commons:151:3)
    at Socket._writeGeneric (node:net:946:11)
    at Socket._write (node:net:958:8)
    at writeOrBuffer (node:internal/streams/writable:399:12)
    at _write (node:internal/streams/writable:340:10)
    at Writable.write (node:internal/streams/writable:344:10)
    at Console.log (/usr/lib/node_modules/firebase-tools/node_modules/winston/lib/winston/transports/console.js:79:23)
    at Console._write (/usr/lib/node_modules/firebase-tools/node_modules/winston-transport/index.js:103:17)
    at doWrite (/usr/lib/node_modules/firebase-tools/node_modules/readable-stream/lib/_stream_writable.js:390:139)
[error] 
[error] Error: An unexpected error has occurred.
[debug] [2023-09-02T09:54:49.014Z] Error: write EIO
    at afterWriteDispatched (node:internal/stream_base_commons:160:15)
    at writeGeneric (node:internal/stream_base_commons:151:3)
    at Socket._writeGeneric (node:net:946:11)
    at Socket._write (node:net:958:8)
    at writeOrBuffer (node:internal/streams/writable:399:12)
    at _write (node:internal/streams/writable:340:10)
    at Writable.write (node:internal/streams/writable:344:10)
    at Console.log (/usr/lib/node_modules/firebase-tools/node_modules/winston/lib/winston/transports/console.js:79:23)
    at Console._write (/usr/lib/node_modules/firebase-tools/node_modules/winston-transport/index.js:103:17)
    at doWrite (/usr/lib/node_modules/firebase-tools/node_modules/readable-stream/lib/_stream_writable.js:390:139)
[error] 
[error] Error: An unexpected error has occurred.
[debug] [2023-09-02T09:54:49.015Z] Error: write EIO
    at afterWriteDispatched (node:internal/stream_base_commons:160:15)
    at writeGeneric (node:internal/stream_base_commons:151:3)
    at Socket._writeGeneric (node:net:946:11)
    at Socket._write (node:net:958:8)
    at writeOrBuffer (node:internal/streams/writable:399:12)
    at _write (node:internal/streams/writable:340:10)
    at Writable.write (node:internal/streams/writable:344:10)
    at Console.log (/usr/lib/node_modules/firebase-tools/node_modules/winston/lib/winston/transports/console.js:79:23)
    at Console._write (/usr/lib/node_modules/firebase-tools/node_modules/winston-transport/index.js:103:17)
    at doWrite (/usr/lib/node_modules/firebase-tools/node_modules/readable-stream/lib/_stream_writable.js:390:139)
[error] 
[error] Error: An unexpected error has occurred.
[debug] [2023-09-02T09:54:49.015Z] Error: write EIO
    at afterWriteDispatched (node:internal/stream_base_commons:160:15)
    at writeGeneric (node:internal/stream_base_commons:151:3)
    at Socket._writeGeneric (node:net:946:11)
    at Socket._write (node:net:958:8)
    at writeOrBuffer (node:internal/streams/writable:399:12)
    at _write (node:internal/streams/writable:340:10)
    at Writable.write (node:internal/streams/writable:344:10)
    at Console.log (/usr/lib/node_modules/firebase-tools/node_modules/winston/lib/winston/transports/console.js:79:23)
    at Console._write (/usr/lib/node_modules/firebase-tools/node_modules/winston-transport/index.js:103:17)
    at doWrite (/usr/lib/node_modules/firebase-tools/node_modules/readable-stream/lib/_stream_writable.js:390:139)
[error] 
[error] Error: An unexpected error has occurred.
[debug] [2023-09-02T09:54:49.016Z] Error: write EIO
    at afterWriteDispatched (node:internal/stream_base_commons:160:15)
    at writeGeneric (node:internal/stream_base_commons:151:3)
    at Socket._writeGeneric (node:net:946:11)
    at Socket._write (node:net:958:8)
    at writeOrBuffer (node:internal/streams/writable:399:12)
    at _write (node:internal/streams/writable:340:10)
    at Writable.write (node:internal/streams/writable:344:10)
    at Console.log (/usr/lib/node_modules/firebase-tools/node_modules/winston/lib/winston/transports/console.js:79:23)
    at Console._write (/usr/lib/node_modules/firebase-tools/node_modules/winston-transport/index.js:103:17)
    at doWrite (/usr/lib/node_modules/firebase-tools/node_modules/readable-stream/lib/_stream_writable.js:390:139)
[error] 
[error] Error: An unexpected error has occurred.
[debug] [2023-09-02T09:54:49.017Z] Error: write EIO
    at afterWriteDispatched (node:internal/stream_base_commons:160:15)
    at writeGeneric (node:internal/stream_base_commons:151:3)
    at Socket._writeGeneric (node:net:946:11)
    at Socket._write (node:net:958:8)
    at writeOrBuffer (node:internal/streams/writable:399:12)
    at _write (node:internal/streams/writable:340:10)
    at Writable.write (node:internal/streams/writable:344:10)
    at Console.log (/usr/lib/node_modules/firebase-tools/node_modules/winston/lib/winston/transports/console.js:79:23)
    at Console._write (/usr/lib/node_modules/firebase-tools/node_modules/winston-transport/index.js:103:17)
    at doWrite (/usr/lib/node_modules/firebase-tools/node_modules/readable-stream/lib/_stream_writable.js:390:139)
[error] 
[error] Error: An unexpected error has occurred.
[info] i  emulators: Shutting down emulators. {"metadata":{"emulator":{"name":"hub"},"message":"Shutting down emulators."}}
[info] i  ui: Stopping Emulator UI {"metadata":{"emulator":{"name":"ui"},"message":"Stopping Emulator UI"}}
[debug] [2023-09-02T09:54:49.051Z] Error: write EIO
    at afterWriteDispatched (node:internal/stream_base_commons:160:15)
    at writeGeneric (node:internal/stream_base_commons:151:3)
    at Socket._writeGeneric (node:net:946:11)
    at Socket._write (node:net:958:8)
    at writeOrBuffer (node:internal/streams/writable:399:12)
    at _write (node:internal/streams/writable:340:10)
    at Writable.write (node:internal/streams/writable:344:10)
    at Console.log (/usr/lib/node_modules/firebase-tools/node_modules/winston/lib/winston/transports/console.js:79:23)
    at Console._write (/usr/lib/node_modules/firebase-tools/node_modules/winston-transport/index.js:103:17)
    at doWrite (/usr/lib/node_modules/firebase-tools/node_modules/readable-stream/lib/_stream_writable.js:390:139)
[error] 
[error] Error: An unexpected error has occurred.
[debug] [2023-09-02T09:54:49.061Z] Error: write EIO
    at afterWriteDispatched (node:internal/stream_base_commons:160:15)
    at writeGeneric (node:internal/stream_base_commons:151:3)
    at Socket._writeGeneric (node:net:946:11)
    at Socket._write (node:net:958:8)
    at writeOrBuffer (node:internal/streams/writable:399:12)
    at _write (node:internal/streams/writable:340:10)
    at Writable.write (node:internal/streams/writable:344:10)
    at Console.log (/usr/lib/node_modules/firebase-tools/node_modules/winston/lib/winston/transports/console.js:79:23)
    at Console._write (/usr/lib/node_modules/firebase-tools/node_modules/winston-transport/index.js:103:17)
    at doWrite (/usr/lib/node_modules/firebase-tools/node_modules/readable-stream/lib/_stream_writable.js:390:139)
[error] 
[error] Error: An unexpected error has occurred.
[debug] [2023-09-02T09:54:49.061Z] Error: write EIO
    at afterWriteDispatched (node:internal/stream_base_commons:160:15)
    at writeGeneric (node:internal/stream_base_commons:151:3)
    at Socket._writeGeneric (node:net:946:11)
    at Socket._write (node:net:958:8)
    at writeOrBuffer (node:internal/streams/writable:399:12)
    at _write (node:internal/streams/writable:340:10)
    at Writable.write (node:internal/streams/writable:344:10)
    at Console.log (/usr/lib/node_modules/firebase-tools/node_modules/winston/lib/winston/transports/console.js:79:23)
    at Console._write (/usr/lib/node_modules/firebase-tools/node_modules/winston-transport/index.js:103:17)
    at doWrite (/usr/lib/node_modules/firebase-tools/node_modules/readable-stream/lib/_stream_writable.js:390:139)
[error] 
[error] Error: An unexpected error has occurred.
[debug] [2023-09-02T09:54:49.062Z] Error: write EIO
    at afterWriteDispatched (node:internal/stream_base_commons:160:15)
    at writeGeneric (node:internal/stream_base_commons:151:3)
    at Socket._writeGeneric (node:net:946:11)
    at Socket._write (node:net:958:8)
    at writeOrBuffer (node:internal/streams/writable:399:12)
    at _write (node:internal/streams/writable:340:10)
    at Writable.write (node:internal/streams/writable:344:10)
    at Console.log (/usr/lib/node_modules/firebase-tools/node_modules/winston/lib/winston/transports/console.js:79:23)
    at Console._write (/usr/lib/node_modules/firebase-tools/node_modules/winston-transport/index.js:103:17)
    at doWrite (/usr/lib/node_modules/firebase-tools/node_modules/readable-stream/lib/_stream_writable.js:390:139)
[error] 
[error] Error: An unexpected error has occurred.
[debug] [2023-09-02T09:54:49.062Z] Error: write EIO
    at afterWriteDispatched (node:internal/stream_base_commons:160:15)
    at writeGeneric (node:internal/stream_base_commons:151:3)
    at Socket._writeGeneric (node:net:946:11)
    at Socket._write (node:net:958:8)
    at writeOrBuffer (node:internal/streams/writable:399:12)
    at _write (node:internal/streams/writable:340:10)
    at Writable.write (node:internal/streams/writable:344:10)
    at Console.log (/usr/lib/node_modules/firebase-tools/node_modules/winston/lib/winston/transports/console.js:79:23)
    at Console._write (/usr/lib/node_modules/firebase-tools/node_modules/winston-transport/index.js:103:17)
    at doWrite (/usr/lib/node_modules/firebase-tools/node_modules/readable-stream/lib/_stream_writable.js:390:139)
[error] 
[error] Error: An unexpected error has occurred.
[debug] [2023-09-02T09:54:49.063Z] Error: write EIO
    at afterWriteDispatched (node:internal/stream_base_commons:160:15)
    at writeGeneric (node:internal/stream_base_commons:151:3)
    at Socket._writeGeneric (node:net:946:11)
    at Socket._write (node:net:958:8)
    at writeOrBuffer (node:internal/streams/writable:399:12)
    at _write (node:internal/streams/writable:340:10)
    at Writable.write (node:internal/streams/writable:344:10)
    at Console.log (/usr/lib/node_modules/firebase-tools/node_modules/winston/lib/winston/transports/console.js:79:23)
    at Console._write (/usr/lib/node_modules/firebase-tools/node_modules/winston-transport/index.js:103:17)
    at doWrite (/usr/lib/node_modules/firebase-tools/node_modules/readable-stream/lib/_stream_writable.js:390:139)
[error] 
[error] Error: An unexpected error has occurred.
[debug] [2023-09-02T09:54:49.063Z] Error: write EIO
    at afterWriteDispatched (node:internal/stream_base_commons:160:15)
    at writeGeneric (node:internal/stream_base_commons:151:3)
    at Socket._writeGeneric (node:net:946:11)
    at Socket._write (node:net:958:8)
    at writeOrBuffer (node:internal/streams/writable:399:12)
    at _write (node:internal/streams/writable:340:10)
    at Writable.write (node:internal/streams/writable:344:10)
    at Console.log (/usr/lib/node_modules/firebase-tools/node_modules/winston/lib/winston/transports/console.js:79:23)
    at Console._write (/usr/lib/node_modules/firebase-tools/node_modules/winston-transport/index.js:103:17)
    at doWrite (/usr/lib/node_modules/firebase-tools/node_modules/readable-stream/lib/_stream_writable.js:390:139)
[error] 
[error] Error: An unexpected error has occurred.
[debug] [2023-09-02T09:54:49.064Z] Error: write EIO
    at afterWriteDispatched (node:internal/stream_base_commons:160:15)
    at writeGeneric (node:internal/stream_base_commons:151:3)
    at Socket._writeGeneric (node:net:946:11)
    at Socket._write (node:net:958:8)
    at writeOrBuffer (node:internal/streams/writable:399:12)
    at _write (node:internal/streams/writable:340:10)
    at Writable.write (node:internal/streams/writable:344:10)
    at Console.log (/usr/lib/node_modules/firebase-tools/node_modules/winston/lib/winston/transports/console.js:79:23)
    at Console._write (/usr/lib/node_modules/firebase-tools/node_modules/winston-transport/index.js:103:17)
    at doWrite (/usr/lib/node_modules/firebase-tools/node_modules/readable-stream/lib/_stream_writable.js:390:139)
[error] 
[error] Error: An unexpected error has occurred.
[debug] [2023-09-02T09:54:49.064Z] Error: write EIO
    at afterWriteDispatched (node:internal/stream_base_commons:160:15)
    at writeGeneric (node:internal/stream_base_commons:151:3)
    at Socket._writeGeneric (node:net:946:11)
    at Socket._write (node:net:958:8)
    at writeOrBuffer (node:internal/streams/writable:399:12)
    at _write (node:internal/streams/writable:340:10)
    at Writable.write (node:internal/streams/writable:344:10)
    at Console.log (/usr/lib/node_modules/firebase-tools/node_modules/winston/lib/winston/transports/console.js:79:23)
    at Console._write (/usr/lib/node_modules/firebase-tools/node_modules/winston-transport/index.js:103:17)
    at doWrite (/usr/lib/node_modules/firebase-tools/node_modules/readable-stream/lib/_stream_writable.js:390:139)
[error] 
[error] Error: An unexpected error has occurred.
[debug] [2023-09-02T09:54:49.065Z] Error: write EIO
    at afterWriteDispatched (node:internal/stream_base_commons:160:15)
    at writeGeneric (node:internal/stream_base_commons:151:3)
    at Socket._writeGeneric (node:net:946:11)
    at Socket._write (node:net:958:8)
    at writeOrBuffer (node:internal/streams/writable:399:12)
    at _write (node:internal/streams/writable:340:10)
    at Writable.write (node:internal/streams/writable:344:10)
    at Console.log (/usr/lib/node_modules/firebase-tools/node_modules/winston/lib/winston/transports/console.js:79:23)
    at Console._write (/usr/lib/node_modules/firebase-tools/node_modules/winston-transport/index.js:103:17)
    at doWrite (/usr/lib/node_modules/firebase-tools/node_modules/readable-stream/lib/_stream_writable.js:390:139)
[error] 
[error] Error: An unexpected error has occurred.
[debug] [2023-09-02T09:54:49.065Z] Error: write EIO
    at afterWriteDispatched (node:internal/stream_base_commons:160:15)
    at writeGeneric (node:internal/stream_base_commons:151:3)
    at Socket._writeGeneric (node:net:946:11)
    at Socket._write (node:net:958:8)
    at writeOrBuffer (node:internal/streams/writable:399:12)
    at _write (node:internal/streams/writable:340:10)
    at Writable.write (node:internal/streams/writable:344:10)
    at Console.log (/usr/lib/node_modules/firebase-tools/node_modules/winston/lib/winston/transports/console.js:79:23)
    at Console._write (/usr/lib/node_modules/firebase-tools/node_modules/winston-transport/index.js:103:17)
    at doWrite (/usr/lib/node_modules/firebase-tools/node_modules/readable-stream/lib/_stream_writable.js:390:139)
[error] 
[error] Error: An unexpected error has occurred.
[debug] [2023-09-02T09:54:49.066Z] Error: write EIO
    at afterWriteDispatched (node:internal/stream_base_commons:160:15)
    at writeGeneric (node:internal/stream_base_commons:151:3)
    at Socket._writeGeneric (node:net:946:11)
    at Socket._write (node:net:958:8)
    at writeOrBuffer (node:internal/streams/writable:399:12)
    at _write (node:internal/streams/writable:340:10)
    at Writable.write (node:internal/streams/writable:344:10)
    at Console.log (/usr/lib/node_modules/firebase-tools/node_modules/winston/lib/winston/transports/console.js:79:23)
    at Console._write (/usr/lib/node_modules/firebase-tools/node_modules/winston-transport/index.js:103:17)
    at doWrite (/usr/lib/node_modules/firebase-tools/node_modules/readable-stream/lib/_stream_writable.js:390:139)
[error] 
[error] Error: An unexpected error has occurred.
[debug] [2023-09-02T09:54:49.076Z] Error: write EIO
    at afterWriteDispatched (node:internal/stream_base_commons:160:15)
    at writeGeneric (node:internal/stream_base_commons:151:3)
    at Socket._writeGeneric (node:net:946:11)
    at Socket._write (node:net:958:8)
    at writeOrBuffer (node:internal/streams/writable:399:12)
    at _write (node:internal/streams/writable:340:10)
    at Writable.write (node:internal/streams/writable:344:10)
    at Console.log (/usr/lib/node_modules/firebase-tools/node_modules/winston/lib/winston/transports/console.js:79:23)
    at Console._write (/usr/lib/node_modules/firebase-tools/node_modules/winston-transport/index.js:103:17)
    at doWrite (/usr/lib/node_modules/firebase-tools/node_modules/readable-stream/lib/_stream_writable.js:390:139)
[error] 
[error] Error: An unexpected error has occurred.
[debug] [2023-09-02T09:54:49.077Z] Error: write EIO
    at afterWriteDispatched (node:internal/stream_base_commons:160:15)
    at writeGeneric (node:internal/stream_base_commons:151:3)
    at Socket._writeGeneric (node:net:946:11)
    at Socket._write (node:net:958:8)
    at writeOrBuffer (node:internal/streams/writable:399:12)
    at _write (node:internal/streams/writable:340:10)
    at Writable.write (node:internal/streams/writable:344:10)
    at Console.log (/usr/lib/node_modules/firebase-tools/node_modules/winston/lib/winston/transports/console.js:79:23)
    at Console._write (/usr/lib/node_modules/firebase-tools/node_modules/winston-transport/index.js:103:17)
    at doWrite (/usr/lib/node_modules/firebase-tools/node_modules/readable-stream/lib/_stream_writable.js:390:139)
[error] 
[error] Error: An unexpected error has occurred.
[debug] [2023-09-02T09:54:49.077Z] Error: write EIO
    at afterWriteDispatched (node:internal/stream_base_commons:160:15)
    at writeGeneric (node:internal/stream_base_commons:151:3)
    at Socket._writeGeneric (node:net:946:11)
    at Socket._write (node:net:958:8)
    at writeOrBuffer (node:internal/streams/writable:399:12)
    at _write (node:internal/streams/writable:340:10)
    at Writable.write (node:internal/streams/writable:344:10)
    at Console.log (/usr/lib/node_modules/firebase-tools/node_modules/winston/lib/winston/transports/console.js:79:23)
    at Console._write (/usr/lib/node_modules/firebase-tools/node_modules/winston-transport/index.js:103:17)
    at doWrite (/usr/lib/node_modules/firebase-tools/node_modules/readable-stream/lib/_stream_writable.js:390:139)
[error] 
